Using pre-set license
Built from '2020.3/staging' branch; Version is '2020.3.29f1 (2ff179115da0) revision 3142009'; Using compiler version '192528614'; Build Type 'Release'
OS: 'Windows 10  (10.0.19044) 64bit CoreSingleLanguage' Language: 'es' Physical Memory: 16209 MB
BatchMode: 1, IsHumanControllingUs: 0, StartBugReporterOnCrash: 0, Is64bit: 1, IsPro: 0

COMMAND LINE ARGUMENTS:
D:\Program Files\2020.3.29f1\Editor\Unity.exe
-adb2
-batchMode
-noUpm
-name
AssetImportWorker0
-projectPath
D:/documentos/GitHub/FoodFighters/foodfighters
-logFile
Logs/AssetImportWorker0.log
-srvPort
61636
Successfully changed project path to: D:/documentos/GitHub/FoodFighters/foodfighters
D:/documentos/GitHub/FoodFighters/foodfighters
Using Asset Import Pipeline V2.
Refreshing native plugins compatible for Editor in 34.13 ms, found 2 plugins.
Preloading 0 native plugins for Editor in 0.00 ms.
Initialize engine version: 2020.3.29f1 (2ff179115da0)
[Subsystems] Discovering subsystems at path D:/Program Files/2020.3.29f1/Editor/Data/Resources/UnitySubsystems
[Subsystems] Discovering subsystems at path D:/documentos/GitHub/FoodFighters/foodfighters/Assets
GfxDevice: creating device client; threaded=0
Direct3D:
    Version:  Direct3D 11.0 [level 11.1]
    Renderer: NVIDIA GeForce GTX 1060 with Max-Q Design (ID=0x1c20)
    Vendor:   
    VRAM:     6052 MB
    Driver:   30.0.15.1179
Initialize mono
Mono path[0] = 'D:/Program Files/2020.3.29f1/Editor/Data/Managed'
Mono path[1] = 'D:/Program Files/2020.3.29f1/Editor/Data/MonoBleedingEdge/lib/mono/unityjit'
Mono config path = 'D:/Program Files/2020.3.29f1/Editor/Data/MonoBleedingEdge/etc'
Using monoOptions --debugger-agent=transport=dt_socket,embedding=1,server=y,suspend=n,address=127.0.0.1:56588
Begin MonoManager ReloadAssembly
Registering precompiled unity dll's ...
Register platform support module: D:/Program Files/2020.3.29f1/Editor/Data/PlaybackEngines/WebGLSupport/UnityEditor.WebGL.Extensions.dll
Register platform support module: D:/Program Files/2020.3.29f1/Editor/Data/PlaybackEngines/WindowsStandaloneSupport/UnityEditor.WindowsStandalone.Extensions.dll
Registered in 0.001557 seconds.
Native extension for WindowsStandalone target not found
Native extension for WebGL target not found
Refreshing native plugins compatible for Editor in 33.11 ms, found 2 plugins.
Preloading 0 native plugins for Editor in 0.00 ms.
Mono: successfully reloaded assembly
- Completed reload, in  0.580 seconds
Domain Reload Profiling:
	ReloadAssembly (580ms)
		BeginReloadAssembly (77ms)
			ExecutionOrderSort (0ms)
			DisableScriptedObjects (0ms)
			BackupInstance (0ms)
			ReleaseScriptingObjects (0ms)
			CreateAndSetChildDomain (1ms)
		EndReloadAssembly (436ms)
			LoadAssemblies (77ms)
			RebuildTransferFunctionScriptingTraits (0ms)
			SetupTypeCache (153ms)
			ReleaseScriptCaches (0ms)
			RebuildScriptCaches (31ms)
			SetupLoadedEditorAssemblies (158ms)
				LogAssemblyErrors (0ms)
				InitializePlatformSupportModulesInManaged (5ms)
				SetLoadedEditorAssemblies (0ms)
				RefreshPlugins (33ms)
				BeforeProcessingInitializeOnLoad (8ms)
				ProcessInitializeOnLoadAttributes (81ms)
				ProcessInitializeOnLoadMethodAttributes (31ms)
				AfterProcessingInitializeOnLoad (0ms)
				EditorAssembliesLoaded (0ms)
			ExecutionOrderSort2 (0ms)
			AwakeInstancesAfterBackupRestoration (0ms)
Platform modules already initialized, skipping
Registering precompiled user dll's ...
Registered in 0.003139 seconds.
Begin MonoManager ReloadAssembly
Native extension for WindowsStandalone target not found
Native extension for WebGL target not found
Refreshing native plugins compatible for Editor in 0.40 ms, found 2 plugins.
Preloading 0 native plugins for Editor in 0.00 ms.
Mono: successfully reloaded assembly
- Completed reload, in  1.012 seconds
Domain Reload Profiling:
	ReloadAssembly (1013ms)
		BeginReloadAssembly (167ms)
			ExecutionOrderSort (0ms)
			DisableScriptedObjects (4ms)
			BackupInstance (0ms)
			ReleaseScriptingObjects (0ms)
			CreateAndSetChildDomain (19ms)
		EndReloadAssembly (792ms)
			LoadAssemblies (112ms)
			RebuildTransferFunctionScriptingTraits (0ms)
			SetupTypeCache (279ms)
			ReleaseScriptCaches (0ms)
			RebuildScriptCaches (45ms)
			SetupLoadedEditorAssemblies (280ms)
				LogAssemblyErrors (0ms)
				InitializePlatformSupportModulesInManaged (5ms)
				SetLoadedEditorAssemblies (0ms)
				RefreshPlugins (0ms)
				BeforeProcessingInitializeOnLoad (49ms)
				ProcessInitializeOnLoadAttributes (213ms)
				ProcessInitializeOnLoadMethodAttributes (9ms)
				AfterProcessingInitializeOnLoad (3ms)
				EditorAssembliesLoaded (0ms)
			ExecutionOrderSort2 (0ms)
			AwakeInstancesAfterBackupRestoration (6ms)
Platform modules already initialized, skipping
========================================================================
Worker process is ready to serve import requests
Launched and connected shader compiler UnityShaderCompiler.exe after 0.29 seconds
Refreshing native plugins compatible for Editor in 0.32 ms, found 2 plugins.
Preloading 0 native plugins for Editor in 0.00 ms.
Unloading 1707 Unused Serialized files (Serialized files now loaded: 0)
System memory in use before: 77.3 MB.
System memory in use after: 77.4 MB.

Unloading 17 unused Assets to reduce memory usage. Loaded Objects now: 2144.
Total: 2.663800 ms (FindLiveObjects: 0.117600 ms CreateObjectMapping: 0.049700 ms MarkObjects: 2.430700 ms  DeleteObjects: 0.065200 ms)

AssetImportParameters requested are different than current active one (requested -> active):
  custom:framework-win-MediaFoundation: 216162199b28c13a410421893ffa2e32 -> 
  custom:video-decoder-ogg-theora: a1e56fd34408186e4bbccfd4996cb3dc -> 
  custom:container-muxer-webm: aa71ff27fc2769a1b78a27578f13a17b -> 
  custom:container-demuxer-webm: 4f35f7cbe854078d1ac9338744f61a02 -> 
  custom:container-demuxer-ogg: 62fdf1f143b41e24485cea50d1cbac27 -> 
  custom:video-encoder-webm-vp8: eb34c28f22e8b96e1ab97ce403110664 -> 
  custom:video-decoder-webm-vp8: 9c59270c3fd7afecdb556c50c9e8de78 -> 
  custom:audio-decoder-ogg-vorbis: bf7c407c2cedff20999df2af8eb42d56 -> 
  custom:audio-encoder-webm-vorbis: bf7c407c2cedff20999df2af8eb42d56 -> 
========================================================================
Received Import Request.
  path: Assets/Images
  artifactKey: Guid(758469fe902ed6744aabe833a15f5a88) Importer(815301076,1909f56bfc062723c751e8b465ee728b)
Start importing Assets/Images using Guid(758469fe902ed6744aabe833a15f5a88) Importer(815301076,1909f56bfc062723c751e8b465ee728b)  -> (artifact id: '05ee3de7ac9032db2d7937ad88662919') in 0.007506 seconds 
  Import took 0.010015 seconds .

========================================================================
Received Import Request.
  Time since last request: 0.000371 seconds.
  path: Assets/Models/powerUp.fbx
  artifactKey: Guid(a1cc0f09f3548ca40bf9cbe6045d2686) Importer(815301076,1909f56bfc062723c751e8b465ee728b)
Start importing Assets/Models/powerUp.fbx using Guid(a1cc0f09f3548ca40bf9cbe6045d2686) Importer(815301076,1909f56bfc062723c751e8b465ee728b)  -> (artifact id: '4d6fffd8c32109ade381d310897b8224') in 0.504579 seconds 
  Import took 0.507342 seconds .

========================================================================
Received Import Request.
  Time since last request: 0.000300 seconds.
  path: Assets/Models
  artifactKey: Guid(8b502e3e2b9403a4f9b7175e8da27541) Importer(815301076,1909f56bfc062723c751e8b465ee728b)
Start importing Assets/Models using Guid(8b502e3e2b9403a4f9b7175e8da27541) Importer(815301076,1909f56bfc062723c751e8b465ee728b)  -> (artifact id: '44ca216cd5bb3bef868b2fd6d6013aa4') in 0.005881 seconds 
  Import took 0.008428 seconds .

========================================================================
Received Import Request.
  Time since last request: 0.000298 seconds.
  path: Assets/Images/Logo-Vault.png
  artifactKey: Guid(c6eb26e655b8a604fbde200774908326) Importer(815301076,1909f56bfc062723c751e8b465ee728b)
Start importing Assets/Images/Logo-Vault.png using Guid(c6eb26e655b8a604fbde200774908326) Importer(815301076,1909f56bfc062723c751e8b465ee728b)  -> (artifact id: 'bc46b5490dc93506c15e77ef9c1c4baa') in 0.027598 seconds 
  Import took 0.030511 seconds .

========================================================================
Received Import Request.
  Time since last request: 0.000252 seconds.
  path: Assets/Models/xbot-T-Pose.fbx
  artifactKey: Guid(4280982ba4598574d93ae4b1384cde70) Importer(815301076,1909f56bfc062723c751e8b465ee728b)
Start importing Assets/Models/xbot-T-Pose.fbx using Guid(4280982ba4598574d93ae4b1384cde70) Importer(815301076,1909f56bfc062723c751e8b465ee728b)  -> (artifact id: 'f3cafe264cd178c2c4341b04537902c6') in 0.063723 seconds 
  Import took 0.066213 seconds .

========================================================================
Received Import Request.
  Time since last request: 0.000244 seconds.
  path: Assets/Models/Calabaza Mala.fbx
  artifactKey: Guid(c666181aecec40d46a5aab185fa58970) Importer(815301076,1909f56bfc062723c751e8b465ee728b)
Start importing Assets/Models/Calabaza Mala.fbx using Guid(c666181aecec40d46a5aab185fa58970) Importer(815301076,1909f56bfc062723c751e8b465ee728b)  -> (artifact id: 'c415f588e071118fa005e300201132c8') in 0.069397 seconds 
  Import took 0.072021 seconds .

========================================================================
Received Import Request.
  Time since last request: 0.000248 seconds.
  path: Assets/Audio/Prueba_Volumen.mp3
  artifactKey: Guid(cfaeb34998a89f647916fa3387da3ad1) Importer(815301076,1909f56bfc062723c751e8b465ee728b)
Start importing Assets/Audio/Prueba_Volumen.mp3 using Guid(cfaeb34998a89f647916fa3387da3ad1) Importer(815301076,1909f56bfc062723c751e8b465ee728b)  -> (artifact id: 'e99beac4a4ddfb146b5ef42021caf2ac') in 0.022356 seconds 
  Import took 0.024943 seconds .

========================================================================
Received Import Request.
  Time since last request: 0.000260 seconds.
  path: Assets/Images/Logo-Tuna.png
  artifactKey: Guid(4bdf9554cb7251d4dbd2db3733fc96f8) Importer(815301076,1909f56bfc062723c751e8b465ee728b)
Start importing Assets/Images/Logo-Tuna.png using Guid(4bdf9554cb7251d4dbd2db3733fc96f8) Importer(815301076,1909f56bfc062723c751e8b465ee728b)  -> (artifact id: '1de9aa01db0b6c8b1d8a42aab5400aa5') in 0.011507 seconds 
  Import took 0.014454 seconds .

========================================================================
Received Import Request.
  Time since last request: 0.000244 seconds.
  path: Assets/Models/Pimiento malo.fbx
  artifactKey: Guid(3c697f97239967441a23819897a65238) Importer(815301076,1909f56bfc062723c751e8b465ee728b)
Start importing Assets/Models/Pimiento malo.fbx using Guid(3c697f97239967441a23819897a65238) Importer(815301076,1909f56bfc062723c751e8b465ee728b)  -> (artifact id: 'ce828454828c1ca7f1982fb76a4d31cb') in 0.063800 seconds 
  Import took 0.066729 seconds .

========================================================================
Received Import Request.
  Time since last request: 0.000215 seconds.
  path: Assets/Models/Mapa_FF.fbx
  artifactKey: Guid(e822c621263536b4c93ad8e3b34b8c43) Importer(815301076,1909f56bfc062723c751e8b465ee728b)
Start importing Assets/Models/Mapa_FF.fbx using Guid(e822c621263536b4c93ad8e3b34b8c43) Importer(815301076,1909f56bfc062723c751e8b465ee728b)  -> (artifact id: 'bb3d39dd3fed47becc03891205952592') in 0.250189 seconds 
  Import took 0.253077 seconds .

========================================================================
Received Import Request.
  Time since last request: 0.000254 seconds.
  path: Assets/Models/xbot-T-Pose1.fbx
  artifactKey: Guid(f16bfaf26d92e104e8852e09aef00f4f) Importer(815301076,1909f56bfc062723c751e8b465ee728b)
Start importing Assets/Models/xbot-T-Pose1.fbx using Guid(f16bfaf26d92e104e8852e09aef00f4f) Importer(815301076,1909f56bfc062723c751e8b465ee728b)  -> (artifact id: '57df3202819aac2787025487a32c04f0') in 0.099526 seconds 
  Import took 0.102206 seconds .

========================================================================
Received Import Request.
  Time since last request: 0.000302 seconds.
  path: Assets/Images/Logo-Tuna-Enter.png
  artifactKey: Guid(75fa9412b89cabe469a104c0c9d7c717) Importer(815301076,1909f56bfc062723c751e8b465ee728b)
Start importing Assets/Images/Logo-Tuna-Enter.png using Guid(75fa9412b89cabe469a104c0c9d7c717) Importer(815301076,1909f56bfc062723c751e8b465ee728b)  -> (artifact id: '3f313422f8d297f78a74f470aea677c9') in 0.010419 seconds 
  Import took 0.013254 seconds .

========================================================================
Received Import Request.
  Time since last request: 0.000258 seconds.
  path: Assets/Audio
  artifactKey: Guid(d0b3addffe24fa642900808d99082d7f) Importer(815301076,1909f56bfc062723c751e8b465ee728b)
Start importing Assets/Audio using Guid(d0b3addffe24fa642900808d99082d7f) Importer(815301076,1909f56bfc062723c751e8b465ee728b)  -> (artifact id: 'e260f94364939c3fe4c5a1938643bfce') in 0.006583 seconds 
  Import took 0.009430 seconds .

========================================================================
Received Prepare
Registering precompiled user dll's ...
Registered in 0.003352 seconds.
Begin MonoManager ReloadAssembly
Native extension for WindowsStandalone target not found
Native extension for WebGL target not found
Refreshing native plugins compatible for Editor in 0.34 ms, found 2 plugins.
Preloading 0 native plugins for Editor in 0.00 ms.
Mono: successfully reloaded assembly
- Completed reload, in  0.934 seconds
Domain Reload Profiling:
	ReloadAssembly (935ms)
		BeginReloadAssembly (123ms)
			ExecutionOrderSort (0ms)
			DisableScriptedObjects (4ms)
			BackupInstance (0ms)
			ReleaseScriptingObjects (0ms)
			CreateAndSetChildDomain (31ms)
		EndReloadAssembly (754ms)
			LoadAssemblies (108ms)
			RebuildTransferFunctionScriptingTraits (0ms)
			SetupTypeCache (265ms)
			ReleaseScriptCaches (1ms)
			RebuildScriptCaches (40ms)
			SetupLoadedEditorAssemblies (274ms)
				LogAssemblyErrors (0ms)
				InitializePlatformSupportModulesInManaged (5ms)
				SetLoadedEditorAssemblies (1ms)
				RefreshPlugins (0ms)
				BeforeProcessingInitializeOnLoad (45ms)
				ProcessInitializeOnLoadAttributes (212ms)
				ProcessInitializeOnLoadMethodAttributes (8ms)
				AfterProcessingInitializeOnLoad (3ms)
				EditorAssembliesLoaded (0ms)
			ExecutionOrderSort2 (0ms)
			AwakeInstancesAfterBackupRestoration (6ms)
Platform modules already initialized, skipping
Refreshing native plugins compatible for Editor in 0.34 ms, found 2 plugins.
Preloading 0 native plugins for Editor in 0.00 ms.
Unloading 1686 Unused Serialized files (Serialized files now loaded: 0)
System memory in use before: 92.9 MB.
System memory in use after: 93.0 MB.

Unloading 12 unused Assets to reduce memory usage. Loaded Objects now: 2194.
Total: 3.390200 ms (FindLiveObjects: 0.152900 ms CreateObjectMapping: 0.050100 ms MarkObjects: 3.161600 ms  DeleteObjects: 0.024500 ms)

AssetImportParameters requested are different than current active one (requested -> active):
  custom:framework-win-MediaFoundation: 216162199b28c13a410421893ffa2e32 -> 
  custom:video-decoder-ogg-theora: a1e56fd34408186e4bbccfd4996cb3dc -> 
  custom:container-muxer-webm: aa71ff27fc2769a1b78a27578f13a17b -> 
  custom:container-demuxer-webm: 4f35f7cbe854078d1ac9338744f61a02 -> 
  custom:container-demuxer-ogg: 62fdf1f143b41e24485cea50d1cbac27 -> 
  custom:video-encoder-webm-vp8: eb34c28f22e8b96e1ab97ce403110664 -> 
  custom:video-decoder-webm-vp8: 9c59270c3fd7afecdb556c50c9e8de78 -> 
  custom:audio-decoder-ogg-vorbis: bf7c407c2cedff20999df2af8eb42d56 -> 
  custom:audio-encoder-webm-vorbis: bf7c407c2cedff20999df2af8eb42d56 -> 
========================================================================
Received Import Request.
  Time since last request: 546.756615 seconds.
  path: Assets/Scenes/SampleScene.unity
  artifactKey: Guid(9fc0d4010bbf28b4594072e72b8655ab) Importer(815301076,1909f56bfc062723c751e8b465ee728b)
Start importing Assets/Scenes/SampleScene.unity using Guid(9fc0d4010bbf28b4594072e72b8655ab) Importer(815301076,1909f56bfc062723c751e8b465ee728b)  -> (artifact id: '50c3e6a6a219567ba54a48a73741e332') in 0.019016 seconds 
  Import took 0.021983 seconds .

========================================================================
Received Import Request.
  Time since last request: 0.427777 seconds.
  path: Assets/Scenes/splash1.unity
  artifactKey: Guid(1921d7c076e8ae644bf1897008a30756) Importer(815301076,1909f56bfc062723c751e8b465ee728b)
Start importing Assets/Scenes/splash1.unity using Guid(1921d7c076e8ae644bf1897008a30756) Importer(815301076,1909f56bfc062723c751e8b465ee728b)  -> (artifact id: '9359f08aec2538d09aa90f6d0eb55d59') in 0.007319 seconds 
  Import took 0.010283 seconds .

========================================================================
Received Import Request.
  Time since last request: 3.158206 seconds.
  path: Assets/Scenes/splash2.unity
  artifactKey: Guid(934da0a8c4d6e334e9e334a7f0518056) Importer(815301076,1909f56bfc062723c751e8b465ee728b)
Start importing Assets/Scenes/splash2.unity using Guid(934da0a8c4d6e334e9e334a7f0518056) Importer(815301076,1909f56bfc062723c751e8b465ee728b)  -> (artifact id: 'c51d713460868d814ef1f20216fe2e19') in 0.008326 seconds 
  Import took 0.011559 seconds .

========================================================================
Received Import Request.
  Time since last request: 1.102682 seconds.
  path: Assets/Scenes/Game.unity
  artifactKey: Guid(6de4fcb99a2cb504c98b3331d3558c37) Importer(815301076,1909f56bfc062723c751e8b465ee728b)
Start importing Assets/Scenes/Game.unity using Guid(6de4fcb99a2cb504c98b3331d3558c37) Importer(815301076,1909f56bfc062723c751e8b465ee728b)  -> (artifact id: '6e8ec7c953c5a59c519479ae6d878334') in 0.006715 seconds 
  Import took 0.009708 seconds .

========================================================================
Received Prepare
Registering precompiled user dll's ...
Registered in 0.004006 seconds.
Begin MonoManager ReloadAssembly
Native extension for WindowsStandalone target not found
Native extension for WebGL target not found
Refreshing native plugins compatible for Editor in 0.78 ms, found 2 plugins.
Preloading 0 native plugins for Editor in 0.00 ms.
Mono: successfully reloaded assembly
- Completed reload, in  1.522 seconds
Domain Reload Profiling:
	ReloadAssembly (1523ms)
		BeginReloadAssembly (186ms)
			ExecutionOrderSort (0ms)
			DisableScriptedObjects (7ms)
			BackupInstance (0ms)
			ReleaseScriptingObjects (0ms)
			CreateAndSetChildDomain (48ms)
		EndReloadAssembly (1246ms)
			LoadAssemblies (177ms)
			RebuildTransferFunctionScriptingTraits (0ms)
			SetupTypeCache (451ms)
			ReleaseScriptCaches (1ms)
			RebuildScriptCaches (66ms)
			SetupLoadedEditorAssemblies (441ms)
				LogAssemblyErrors (0ms)
				InitializePlatformSupportModulesInManaged (8ms)
				SetLoadedEditorAssemblies (1ms)
				RefreshPlugins (1ms)
				BeforeProcessingInitializeOnLoad (79ms)
				ProcessInitializeOnLoadAttributes (336ms)
				ProcessInitializeOnLoadMethodAttributes (12ms)
				AfterProcessingInitializeOnLoad (4ms)
				EditorAssembliesLoaded (0ms)
			ExecutionOrderSort2 (0ms)
			AwakeInstancesAfterBackupRestoration (10ms)
Platform modules already initialized, skipping
Refreshing native plugins compatible for Editor in 0.57 ms, found 2 plugins.
Preloading 0 native plugins for Editor in 0.00 ms.
Unloading 1686 Unused Serialized files (Serialized files now loaded: 0)
System memory in use before: 92.9 MB.
System memory in use after: 93.1 MB.

Unloading 12 unused Assets to reduce memory usage. Loaded Objects now: 2196.
Total: 4.764300 ms (FindLiveObjects: 0.258700 ms CreateObjectMapping: 0.168900 ms MarkObjects: 4.272400 ms  DeleteObjects: 0.062000 ms)

AssetImportParameters requested are different than current active one (requested -> active):
  custom:framework-win-MediaFoundation: 216162199b28c13a410421893ffa2e32 -> 
  custom:video-decoder-ogg-theora: a1e56fd34408186e4bbccfd4996cb3dc -> 
  custom:container-muxer-webm: aa71ff27fc2769a1b78a27578f13a17b -> 
  custom:container-demuxer-webm: 4f35f7cbe854078d1ac9338744f61a02 -> 
  custom:container-demuxer-ogg: 62fdf1f143b41e24485cea50d1cbac27 -> 
  custom:video-encoder-webm-vp8: eb34c28f22e8b96e1ab97ce403110664 -> 
  custom:video-decoder-webm-vp8: 9c59270c3fd7afecdb556c50c9e8de78 -> 
  custom:audio-decoder-ogg-vorbis: bf7c407c2cedff20999df2af8eb42d56 -> 
  custom:audio-encoder-webm-vorbis: bf7c407c2cedff20999df2af8eb42d56 -> 
========================================================================
Received Prepare
Registering precompiled user dll's ...
Registered in 0.003260 seconds.
Begin MonoManager ReloadAssembly
Native extension for WindowsStandalone target not found
Native extension for WebGL target not found
Refreshing native plugins compatible for Editor in 0.44 ms, found 2 plugins.
Preloading 0 native plugins for Editor in 0.00 ms.
Mono: successfully reloaded assembly
- Completed reload, in  1.384 seconds
Domain Reload Profiling:
	ReloadAssembly (1384ms)
		BeginReloadAssembly (164ms)
			ExecutionOrderSort (0ms)
			DisableScriptedObjects (6ms)
			BackupInstance (0ms)
			ReleaseScriptingObjects (0ms)
			CreateAndSetChildDomain (37ms)
		EndReloadAssembly (1141ms)
			LoadAssemblies (162ms)
			RebuildTransferFunctionScriptingTraits (0ms)
			SetupTypeCache (386ms)
			ReleaseScriptCaches (2ms)
			RebuildScriptCaches (60ms)
			SetupLoadedEditorAssemblies (422ms)
				LogAssemblyErrors (0ms)
				InitializePlatformSupportModulesInManaged (8ms)
				SetLoadedEditorAssemblies (1ms)
				RefreshPlugins (1ms)
				BeforeProcessingInitializeOnLoad (69ms)
				ProcessInitializeOnLoadAttributes (326ms)
				ProcessInitializeOnLoadMethodAttributes (13ms)
				AfterProcessingInitializeOnLoad (4ms)
				EditorAssembliesLoaded (1ms)
			ExecutionOrderSort2 (0ms)
			AwakeInstancesAfterBackupRestoration (11ms)
Platform modules already initialized, skipping
Refreshing native plugins compatible for Editor in 0.44 ms, found 2 plugins.
Preloading 0 native plugins for Editor in 0.00 ms.
Unloading 1686 Unused Serialized files (Serialized files now loaded: 0)
System memory in use before: 93.0 MB.
System memory in use after: 93.1 MB.

Unloading 12 unused Assets to reduce memory usage. Loaded Objects now: 2198.
Total: 4.002300 ms (FindLiveObjects: 0.185800 ms CreateObjectMapping: 0.073000 ms MarkObjects: 3.713500 ms  DeleteObjects: 0.028600 ms)

AssetImportParameters requested are different than current active one (requested -> active):
  custom:framework-win-MediaFoundation: 216162199b28c13a410421893ffa2e32 -> 
  custom:video-decoder-ogg-theora: a1e56fd34408186e4bbccfd4996cb3dc -> 
  custom:container-muxer-webm: aa71ff27fc2769a1b78a27578f13a17b -> 
  custom:container-demuxer-webm: 4f35f7cbe854078d1ac9338744f61a02 -> 
  custom:container-demuxer-ogg: 62fdf1f143b41e24485cea50d1cbac27 -> 
  custom:video-encoder-webm-vp8: eb34c28f22e8b96e1ab97ce403110664 -> 
  custom:video-decoder-webm-vp8: 9c59270c3fd7afecdb556c50c9e8de78 -> 
  custom:audio-decoder-ogg-vorbis: bf7c407c2cedff20999df2af8eb42d56 -> 
  custom:audio-encoder-webm-vorbis: bf7c407c2cedff20999df2af8eb42d56 -> 
AssetImportWorkerClient::OnTransportError - code=2 error=End of file
